# JRE version: OpenJDK Runtime Environment (8.0_202-b03) (build 1.8.0_202-release-1483-b03)
# Java VM: OpenJDK 64-Bit Server VM (25.202-b03 mixed mode windows-amd64 compressed oops)
Heap:
 PSYoungGen      total 124928K, used 62859K [0x00000000e0000000, 0x00000000e9900000, 0x0000000100000000)
  eden space 105984K, 41% used [0x00000000e0000000,0x00000000e2aea570,0x00000000e6780000)
  from space 18944K, 99% used [0x00000000e7f00000,0x00000000e9178750,0x00000000e9180000)
  to   space 24064K, 0% used [0x00000000e6780000,0x00000000e6780000,0x00000000e7f00000)
 ParOldGen       total 130048K, used 40493K [0x00000000a0000000, 0x00000000a7f00000, 0x00000000e0000000)
  object space 130048K, 31% used [0x00000000a0000000,0x00000000a278b5c0,0x00000000a7f00000)
 Metaspace       used 82039K, capacity 84970K, committed 85208K, reserved 1124352K
  class space    used 10584K, capacity 11196K, committed 11264K, reserved 1048576K
GC Heap History (10 events):
Event: 24.757 GC heap before
{Heap before GC invocations=17 (full 3):
 PSYoungGen      total 133632K, used 12478K [0x00000000e0000000, 0x00000000ea580000, 0x0000000100000000)
  eden space 120320K, 0% used [0x00000000e0000000,0x00000000e0000000,0x00000000e7580000)
  from space 13312K, 93% used [0x00000000e8400000,0x00000000e902fbc8,0x00000000e9100000)
  to   space 14848K, 0% used [0x00000000e7580000,0x00000000e7580000,0x00000000e8400000)
 ParOldGen       total 87552K, used 21569K [0x00000000a0000000, 0x00000000a5580000, 0x00000000e0000000)
  object space 87552K, 24% used [0x00000000a0000000,0x00000000a1510588,0x00000000a5580000)
 Metaspace       used 57566K, capacity 58962K, committed 59028K, reserved 1099776K
  class space    used 7771K, capacity 8152K, committed 8192K, reserved 1048576K
Event: 24.974 GC heap after
Heap after GC invocations=17 (full 3):
 PSYoungGen      total 133632K, used 0K [0x00000000e0000000, 0x00000000ea580000, 0x0000000100000000)
  eden space 120320K, 0% used [0x00000000e0000000,0x00000000e0000000,0x00000000e7580000)
  from space 13312K, 0% used [0x00000000e8400000,0x00000000e8400000,0x00000000e9100000)
  to   space 14848K, 0% used [0x00000000e7580000,0x00000000e7580000,0x00000000e8400000)
 ParOldGen       total 130048K, used 31192K [0x00000000a0000000, 0x00000000a7f00000, 0x00000000e0000000)
  object space 130048K, 23% used [0x00000000a0000000,0x00000000a1e76398,0x00000000a7f00000)
 Metaspace       used 57566K, capacity 58962K, committed 59028K, reserved 1099776K
  class space    used 7771K, capacity 8152K, committed 8192K, reserved 1048576K
}
Event: 2450.514 GC heap before
{Heap before GC invocations=18 (full 3):
 PSYoungGen      total 133632K, used 120320K [0x00000000e0000000, 0x00000000ea580000, 0x0000000100000000)
  eden space 120320K, 100% used [0x00000000e0000000,0x00000000e7580000,0x00000000e7580000)
  from space 13312K, 0% used [0x00000000e8400000,0x00000000e8400000,0x00000000e9100000)
  to   space 14848K, 0% used [0x00000000e7580000,0x00000000e7580000,0x00000000e8400000)
 ParOldGen       total 130048K, used 31192K [0x00000000a0000000, 0x00000000a7f00000, 0x00000000e0000000)
  object space 130048K, 23% used [0x00000000a0000000,0x00000000a1e76398,0x00000000a7f00000)
 Metaspace       used 63148K, capacity 64842K, committed 65112K, reserved 1105920K
  class space    used 8267K, capacity 8728K, committed 8832K, reserved 1048576K
Event: 2450.609 GC heap after
Heap after GC invocations=18 (full 3):
 PSYoungGen      total 126976K, used 9390K [0x00000000e0000000, 0x00000000e8f80000, 0x0000000100000000)
  eden space 117248K, 0% used [0x00000000e0000000,0x00000000e0000000,0x00000000e7280000)
  from space 9728K, 96% used [0x00000000e7580000,0x00000000e7eab848,0x00000000e7f00000)
  to   space 14848K, 0% used [0x00000000e8100000,0x00000000e8100000,0x00000000e8f80000)
 ParOldGen       total 130048K, used 31200K [0x00000000a0000000, 0x00000000a7f00000, 0x00000000e0000000)
  object space 130048K, 23% used [0x00000000a0000000,0x00000000a1e78398,0x00000000a7f00000)
 Metaspace       used 63148K, capacity 64842K, committed 65112K, reserved 1105920K
  class space    used 8267K, capacity 8728K, committed 8832K, reserved 1048576K
}
Event: 2481.554 GC heap before
{Heap before GC invocations=19 (full 3):
 PSYoungGen      total 126976K, used 126638K [0x00000000e0000000, 0x00000000e8f80000, 0x0000000100000000)
  eden space 117248K, 100% used [0x00000000e0000000,0x00000000e7280000,0x00000000e7280000)
  from space 9728K, 96% used [0x00000000e7580000,0x00000000e7eab848,0x00000000e7f00000)
  to   space 14848K, 0% used [0x00000000e8100000,0x00000000e8100000,0x00000000e8f80000)
 ParOldGen       total 130048K, used 31200K [0x00000000a0000000, 0x00000000a7f00000, 0x00000000e0000000)
  object space 130048K, 23% used [0x00000000a0000000,0x00000000a1e78398,0x00000000a7f00000)
 Metaspace       used 66219K, capacity 68034K, committed 68184K, reserved 1107968K
  class space    used 8630K, capacity 9076K, committed 9088K, reserved 1048576K
Event: 2481.595 GC heap after
Heap after GC invocations=19 (full 3):
 PSYoungGen      total 128000K, used 12757K [0x00000000e0000000, 0x00000000e8e80000, 0x0000000100000000)
  eden space 114176K, 0% used [0x00000000e0000000,0x00000000e0000000,0x00000000e6f80000)
  from space 13824K, 92% used [0x00000000e8100000,0x00000000e8d75690,0x00000000e8e80000)
  to   space 15872K, 0% used [0x00000000e6f80000,0x00000000e6f80000,0x00000000e7f00000)
 ParOldGen       total 130048K, used 31208K [0x00000000a0000000, 0x00000000a7f00000, 0x00000000e0000000)
  object space 130048K, 23% used [0x00000000a0000000,0x00000000a1e7a398,0x00000000a7f00000)
 Metaspace       used 66219K, capacity 68034K, committed 68184K, reserved 1107968K
  class space    used 8630K, capacity 9076K, committed 9088K, reserved 1048576K
}
Event: 2504.736 GC heap before
{Heap before GC invocations=20 (full 3):
 PSYoungGen      total 128000K, used 126933K [0x00000000e0000000, 0x00000000e8e80000, 0x0000000100000000)
  eden space 114176K, 100% used [0x00000000e0000000,0x00000000e6f80000,0x00000000e6f80000)
  from space 13824K, 92% used [0x00000000e8100000,0x00000000e8d75690,0x00000000e8e80000)
  to   space 15872K, 0% used [0x00000000e6f80000,0x00000000e6f80000,0x00000000e7f00000)
 ParOldGen       total 130048K, used 31208K [0x00000000a0000000, 0x00000000a7f00000, 0x00000000e0000000)
  object space 130048K, 23% used [0x00000000a0000000,0x00000000a1e7a398,0x00000000a7f00000)
 Metaspace       used 72528K, capacity 74416K, committed 74584K, reserved 1114112K
  class space    used 9313K, capacity 9753K, committed 9856K, reserved 1048576K
Event: 2504.761 GC heap after
Heap after GC invocations=20 (full 3):
 PSYoungGen      total 126976K, used 15846K [0x00000000e0000000, 0x00000000e9180000, 0x0000000100000000)
  eden space 111104K, 0% used [0x00000000e0000000,0x00000000e0000000,0x00000000e6c80000)
  from space 15872K, 99% used [0x00000000e6f80000,0x00000000e7ef9a00,0x00000000e7f00000)
  to   space 18944K, 0% used [0x00000000e7f00000,0x00000000e7f00000,0x00000000e9180000)
 ParOldGen       total 130048K, used 33042K [0x00000000a0000000, 0x00000000a7f00000, 0x00000000e0000000)
  object space 130048K, 25% used [0x00000000a0000000,0x00000000a2044820,0x00000000a7f00000)
 Metaspace       used 72528K, capacity 74416K, committed 74584K, reserved 1114112K
  class space    used 9313K, capacity 9753K, committed 9856K, reserved 1048576K
}
Event: 2527.112 GC heap before
{Heap before GC invocations=21 (full 3):
 PSYoungGen      total 126976K, used 124586K [0x00000000e0000000, 0x00000000e9180000, 0x0000000100000000)
  eden space 111104K, 97% used [0x00000000e0000000,0x00000000e6a311f0,0x00000000e6c80000)
  from space 15872K, 99% used [0x00000000e6f80000,0x00000000e7ef9a00,0x00000000e7f00000)
  to   space 18944K, 0% used [0x00000000e7f00000,0x00000000e7f00000,0x00000000e9180000)
 ParOldGen       total 130048K, used 33042K [0x00000000a0000000, 0x00000000a7f00000, 0x00000000e0000000)
  object space 130048K, 25% used [0x00000000a0000000,0x00000000a2044820,0x00000000a7f00000)
 Metaspace       used 81325K, capacity 84192K, committed 84312K, reserved 1122304K
  class space    used 10467K, capacity 11041K, committed 11136K, reserved 1048576K
Event: 2527.136 GC heap after
Heap after GC invocations=21 (full 3):
 PSYoungGen      total 124928K, used 18913K [0x00000000e0000000, 0x00000000e9900000, 0x0000000100000000)
  eden space 105984K, 0% used [0x00000000e0000000,0x00000000e0000000,0x00000000e6780000)
  from space 18944K, 99% used [0x00000000e7f00000,0x00000000e9178750,0x00000000e9180000)
  to   space 24064K, 0% used [0x00000000e6780000,0x00000000e6780000,0x00000000e7f00000)
 ParOldGen       total 130048K, used 40493K [0x00000000a0000000, 0x00000000a7f00000, 0x00000000e0000000)
  object space 130048K, 31% used [0x00000000a0000000,0x00000000a278b5c0,0x00000000a7f00000)
 Metaspace       used 81325K, capacity 84192K, committed 84312K, reserved 1122304K
  class space    used 10467K, capacity 11041K, committed 11136K, reserved 1048576K
}

